<?xml version="1.0" encoding="UTF-8"?>
<!-- Generated by org.testng.reporters.JUnitReportReporter -->
<testsuite hostname="DESKTOP-BNGH28Q" failures="0" tests="5" name="testCases.TC003_LoginDDT" time="54.575" errors="0" timestamp="2026-06-27T10:30:42 IST" skipped="0">
  <testcase classname="testCases.TC003_LoginDDT" name="verify_loginDDT" time="7.192"/>
  <testcase classname="testCases.TC003_LoginDDT" name="verify_loginDDT" time="5.812"/>
  <testcase classname="testCases.TC003_LoginDDT" name="verify_loginDDT" time="20.563"/>
  <testcase classname="testCases.TC003_LoginDDT" name="verify_loginDDT" time="5.922"/>
  <testcase classname="testCases.TC003_LoginDDT" name="verify_loginDDT" time="15.086"/>
</testsuite> <!-- testCases.TC003_LoginDDT -->
